{"/Users/apple/Documents/Projects/SeedCart/SeedCartFunctionComponent/App.tsx": {"path":"/Users/apple/Documents/Projects/SeedCart/SeedCartFunctionComponent/App.tsx","statementMap":{"0":{"start":{"line":12,"column":12},"end":{"line":18,"column":1}},"1":{"start":{"line":13,"column":2},"end":{"line":17,"column":4}}},"fnMap":{"0":{"name":"(anonymous_0)","decl":{"start":{"line":12,"column":12},"end":{"line":12,"column":13}},"loc":{"start":{"line":12,"column":18},"end":{"line":18,"column":1}},"line":12}},"branchMap":{},"s":{"0":1,"1":1},"f":{"0":1},"b":{},"_coverageSchema":"1a1c01bbd47fc00a2c39e90264f33305004495a9","hash":"9b9fe0967cb249566eb3906af9af5d3466bf3a1d"}
,"/Users/apple/Documents/Projects/SeedCart/SeedCartFunctionComponent/src/features/Auth/LoginScreen/Login.tsx": {"path":"/Users/apple/Documents/Projects/SeedCart/SeedCartFunctionComponent/src/features/Auth/LoginScreen/Login.tsx","statementMap":{"0":{"start":{"line":12,"column":14},"end":{"line":26,"column":1}},"1":{"start":{"line":13,"column":34},"end":{"line":13,"column":54}},"2":{"start":{"line":14,"column":34},"end":{"line":14,"column":54}},"3":{"start":{"line":16,"column":21},"end":{"line":16,"column":50}},"4":{"start":{"line":16,"column":44},"end":{"line":16,"column":49}},"5":{"start":{"line":17,"column":2},"end":{"line":17,"column":48}},"6":{"start":{"line":18,"column":19},"end":{"line":18,"column":32}},"7":{"start":{"line":20,"column":2},"end":{"line":25,"column":3}},"8":{"start":{"line":23,"column":49},"end":{"line":23,"column":82}}},"fnMap":{"0":{"name":"(anonymous_0)","decl":{"start":{"line":12,"column":14},"end":{"line":12,"column":15}},"loc":{"start":{"line":12,"column":32},"end":{"line":26,"column":1}},"line":12},"1":{"name":"(anonymous_1)","decl":{"start":{"line":16,"column":33},"end":{"line":16,"column":34}},"loc":{"start":{"line":16,"column":44},"end":{"line":16,"column":49}},"line":16},"2":{"name":"(anonymous_2)","decl":{"start":{"line":23,"column":43},"end":{"line":23,"column":44}},"loc":{"start":{"line":23,"column":49},"end":{"line":23,"column":82}},"line":23}},"branchMap":{},"s":{"0":1,"1":1,"2":1,"3":1,"4":1,"5":1,"6":1,"7":1,"8":0},"f":{"0":1,"1":1,"2":0},"b":{},"_coverageSchema":"1a1c01bbd47fc00a2c39e90264f33305004495a9","hash":"b2d71413a672c2469783a9ab4e247b424be9bf12"}
,"/Users/apple/Documents/Projects/SeedCart/SeedCartFunctionComponent/src/features/Auth/LoginScreen/loginSlice.ts": {"path":"/Users/apple/Documents/Projects/SeedCart/SeedCartFunctionComponent/src/features/Auth/LoginScreen/loginSlice.ts","statementMap":{"0":{"start":{"line":10,"column":34},"end":{"line":12,"column":1}},"1":{"start":{"line":14,"column":26},"end":{"line":22,"column":2}},"2":{"start":{"line":19,"column":7},"end":{"line":19,"column":35}},"3":{"start":{"line":25,"column":30},"end":{"line":25,"column":48}}},"fnMap":{"0":{"name":"(anonymous_0)","decl":{"start":{"line":18,"column":16},"end":{"line":18,"column":17}},"loc":{"start":{"line":18,"column":35},"end":{"line":20,"column":5}},"line":18}},"branchMap":{},"s":{"0":1,"1":1,"2":0,"3":1},"f":{"0":0},"b":{},"_coverageSchema":"1a1c01bbd47fc00a2c39e90264f33305004495a9","hash":"97c6b71688cd14fd805c7bda9a23f0c4b8fa946d"}
,"/Users/apple/Documents/Projects/SeedCart/SeedCartFunctionComponent/src/features/RootStackNavigator/RootStackNavigator.tsx": {"path":"/Users/apple/Documents/Projects/SeedCart/SeedCartFunctionComponent/src/features/RootStackNavigator/RootStackNavigator.tsx","statementMap":{"0":{"start":{"line":10,"column":14},"end":{"line":10,"column":42}},"1":{"start":{"line":12,"column":24},"end":{"line":21,"column":1}},"2":{"start":{"line":13,"column":4},"end":{"line":20,"column":5}}},"fnMap":{"0":{"name":"(anonymous_0)","decl":{"start":{"line":12,"column":24},"end":{"line":12,"column":25}},"loc":{"start":{"line":12,"column":30},"end":{"line":21,"column":1}},"line":12}},"branchMap":{},"s":{"0":1,"1":1,"2":1},"f":{"0":1},"b":{},"_coverageSchema":"1a1c01bbd47fc00a2c39e90264f33305004495a9","hash":"7ffaf75b4dfff71afc310023e62508fe43bdb59e"}
,"/Users/apple/Documents/Projects/SeedCart/SeedCartFunctionComponent/src/features/SplashScreen/Splash.tsx": {"path":"/Users/apple/Documents/Projects/SeedCart/SeedCartFunctionComponent/src/features/SplashScreen/Splash.tsx","statementMap":{"0":{"start":{"line":15,"column":15},"end":{"line":33,"column":1}},"1":{"start":{"line":17,"column":2},"end":{"line":19,"column":9}},"2":{"start":{"line":18,"column":4},"end":{"line":18,"column":44}},"3":{"start":{"line":21,"column":2},"end":{"line":32,"column":4}}},"fnMap":{"0":{"name":"(anonymous_0)","decl":{"start":{"line":15,"column":15},"end":{"line":15,"column":16}},"loc":{"start":{"line":15,"column":33},"end":{"line":33,"column":1}},"line":15},"1":{"name":"(anonymous_1)","decl":{"start":{"line":17,"column":12},"end":{"line":17,"column":13}},"loc":{"start":{"line":17,"column":18},"end":{"line":19,"column":3}},"line":17}},"branchMap":{},"s":{"0":1,"1":1,"2":1,"3":1},"f":{"0":1,"1":1},"b":{},"_coverageSchema":"1a1c01bbd47fc00a2c39e90264f33305004495a9","hash":"2dfa801763c4b11b3a65ec4d83456eb49f39fb5c"}
,"/Users/apple/Documents/Projects/SeedCart/SeedCartFunctionComponent/src/features/SplashScreen/SplashStyle.ts": {"path":"/Users/apple/Documents/Projects/SeedCart/SeedCartFunctionComponent/src/features/SplashScreen/SplashStyle.ts","statementMap":{},"fnMap":{},"branchMap":{},"s":{},"f":{},"b":{},"_coverageSchema":"1a1c01bbd47fc00a2c39e90264f33305004495a9","hash":"4443031925b6871717ffa1b0c842bf0a3ddf847c"}
,"/Users/apple/Documents/Projects/SeedCart/SeedCartFunctionComponent/src/features/SplashScreen/assets.ts": {"path":"/Users/apple/Documents/Projects/SeedCart/SeedCartFunctionComponent/src/features/SplashScreen/assets.ts","statementMap":{"0":{"start":{"line":1,"column":24},"end":{"line":1,"column":55}}},"fnMap":{},"branchMap":{},"s":{"0":1},"f":{},"b":{},"_coverageSchema":"1a1c01bbd47fc00a2c39e90264f33305004495a9","hash":"1a02f71a910b6c0f2dddaefd2f5fbbb42153dc82"}
,"/Users/apple/Documents/Projects/SeedCart/SeedCartFunctionComponent/src/features/SplashScreen/assets/appLogo.png": {"path":"/Users/apple/Documents/Projects/SeedCart/SeedCartFunctionComponent/src/features/SplashScreen/assets/appLogo.png","statementMap":{"0":{"start":{"line":1,"column":0},"end":{"line":4,"column":6}}},"fnMap":{},"branchMap":{},"s":{"0":1},"f":{},"b":{},"inputSourceMap":null,"_coverageSchema":"1a1c01bbd47fc00a2c39e90264f33305004495a9","hash":"9d6cd33dffbd890efa5a77990568c5e68b09c1e3"}
,"/Users/apple/Documents/Projects/SeedCart/SeedCartFunctionComponent/src/redux/sagas/index.ts": {"path":"/Users/apple/Documents/Projects/SeedCart/SeedCartFunctionComponent/src/redux/sagas/index.ts","statementMap":{"0":{"start":{"line":8,"column":14},"end":{"line":10,"column":1}},"1":{"start":{"line":9,"column":4},"end":{"line":9,"column":50}}},"fnMap":{"0":{"name":"mySaga","decl":{"start":{"line":8,"column":24},"end":{"line":8,"column":30}},"loc":{"start":{"line":8,"column":33},"end":{"line":10,"column":1}},"line":8}},"branchMap":{},"s":{"0":1,"1":1},"f":{"0":1},"b":{},"_coverageSchema":"1a1c01bbd47fc00a2c39e90264f33305004495a9","hash":"37f8edf35f1363fed41f0b3ff0759aa10805143d"}
,"/Users/apple/Documents/Projects/SeedCart/SeedCartFunctionComponent/src/redux/sagas/loginSaga.ts": {"path":"/Users/apple/Documents/Projects/SeedCart/SeedCartFunctionComponent/src/redux/sagas/loginSaga.ts","statementMap":{"0":{"start":{"line":7,"column":20},"end":{"line":13,"column":1}},"1":{"start":{"line":8,"column":4},"end":{"line":8,"column":51}},"2":{"start":{"line":9,"column":16},"end":{"line":9,"column":73}},"3":{"start":{"line":10,"column":4},"end":{"line":10,"column":54}},"4":{"start":{"line":11,"column":19},"end":{"line":11,"column":35}},"5":{"start":{"line":12,"column":4},"end":{"line":12,"column":55}},"6":{"start":{"line":16,"column":3},"end":{"line":21,"column":4}},"7":{"start":{"line":17,"column":27},"end":{"line":17,"column":46}},"8":{"start":{"line":18,"column":4},"end":{"line":18,"column":36}},"9":{"start":{"line":20,"column":4},"end":{"line":20,"column":38}}},"fnMap":{"0":{"name":"(anonymous_0)","decl":{"start":{"line":7,"column":20},"end":{"line":7,"column":21}},"loc":{"start":{"line":7,"column":32},"end":{"line":13,"column":1}},"line":7},"1":{"name":"fetchUserName","decl":{"start":{"line":15,"column":17},"end":{"line":15,"column":30}},"loc":{"start":{"line":15,"column":33},"end":{"line":22,"column":1}},"line":15}},"branchMap":{},"s":{"0":1,"1":0,"2":0,"3":0,"4":0,"5":0,"6":0,"7":0,"8":0,"9":0},"f":{"0":0,"1":0},"b":{},"_coverageSchema":"1a1c01bbd47fc00a2c39e90264f33305004495a9","hash":"6726bd9b5470f55ae95155e94acf72e8cb06312a"}
,"/Users/apple/Documents/Projects/SeedCart/SeedCartFunctionComponent/src/redux/store/store.ts": {"path":"/Users/apple/Documents/Projects/SeedCart/SeedCartFunctionComponent/src/redux/store/store.ts","statementMap":{"0":{"start":{"line":7,"column":23},"end":{"line":7,"column":45}},"1":{"start":{"line":10,"column":16},"end":{"line":14,"column":4}},"2":{"start":{"line":16,"column":2},"end":{"line":16,"column":28}},"3":{"start":{"line":18,"column":2},"end":{"line":18,"column":38}}},"fnMap":{},"branchMap":{},"s":{"0":1,"1":1,"2":1,"3":1},"f":{},"b":{},"_coverageSchema":"1a1c01bbd47fc00a2c39e90264f33305004495a9","hash":"552882e8f9c300f7949c852e6c999ce3ef52fcff"}
,"/Users/apple/Documents/Projects/SeedCart/SeedCartFunctionComponent/src/theme/ColorConstants.ts": {"path":"/Users/apple/Documents/Projects/SeedCart/SeedCartFunctionComponent/src/theme/ColorConstants.ts","statementMap":{"0":{"start":{"line":11,"column":21},"end":{"line":28,"column":1}},"1":{"start":{"line":32,"column":21},"end":{"line":39,"column":1}}},"fnMap":{},"branchMap":{},"s":{"0":1,"1":1},"f":{},"b":{},"_coverageSchema":"1a1c01bbd47fc00a2c39e90264f33305004495a9","hash":"fbe9fc6cfe8e1cbef3e3c1c5230b36d1faf10292"}
,"/Users/apple/Documents/Projects/SeedCart/SeedCartFunctionComponent/src/utils/Scale.ts": {"path":"/Users/apple/Documents/Projects/SeedCart/SeedCartFunctionComponent/src/utils/Scale.ts","statementMap":{"0":{"start":{"line":7,"column":22},"end":{"line":7,"column":159}},"1":{"start":{"line":8,"column":21},"end":{"line":8,"column":24}},"2":{"start":{"line":10,"column":26},"end":{"line":10,"column":50}},"3":{"start":{"line":17,"column":1},"end":{"line":17,"column":37}},"4":{"start":{"line":21,"column":22},"end":{"line":21,"column":66}},"5":{"start":{"line":21,"column":37},"end":{"line":21,"column":66}}},"fnMap":{"0":{"name":"(anonymous_0)","decl":{"start":{"line":16,"column":15},"end":{"line":16,"column":16}},"loc":{"start":{"line":16,"column":36},"end":{"line":18,"column":1}},"line":16},"1":{"name":"(anonymous_1)","decl":{"start":{"line":21,"column":22},"end":{"line":21,"column":23}},"loc":{"start":{"line":21,"column":37},"end":{"line":21,"column":66}},"line":21}},"branchMap":{"0":{"loc":{"start":{"line":7,"column":22},"end":{"line":7,"column":159}},"type":"cond-expr","locations":[{"start":{"line":7,"column":47},"end":{"line":7,"column":78}},{"start":{"line":7,"column":81},"end":{"line":7,"column":159}}],"line":7},"1":{"loc":{"start":{"line":7,"column":81},"end":{"line":7,"column":159}},"type":"cond-expr","locations":[{"start":{"line":7,"column":122},"end":{"line":7,"column":125}},{"start":{"line":7,"column":128},"end":{"line":7,"column":159}}],"line":7},"2":{"loc":{"start":{"line":16,"column":25},"end":{"line":16,"column":34}},"type":"default-arg","locations":[{"start":{"line":16,"column":33},"end":{"line":16,"column":34}}],"line":16}},"s":{"0":1,"1":1,"2":1,"3":2,"4":1,"5":0},"f":{"0":2,"1":0},"b":{"0":[1,0],"1":[0,0],"2":[0]},"_coverageSchema":"1a1c01bbd47fc00a2c39e90264f33305004495a9","hash":"0c6f85fd5bd70d09737414d651677b279a5310ed"}
}
