TN:
SF:App.tsx
FN:12,(anonymous_0)
FNF:1
FNH:1
FNDA:1,(anonymous_0)
DA:12,1
DA:13,1
LF:2
LH:2
BRF:0
BRH:0
end_of_record
TN:
SF:src/features/Auth/LoginScreen/Login.tsx
FN:12,(anonymous_0)
FN:16,(anonymous_1)
FN:23,(anonymous_2)
FNF:3
FNH:2
FNDA:1,(anonymous_0)
FNDA:1,(anonymous_1)
FNDA:0,(anonymous_2)
DA:12,1
DA:13,1
DA:14,1
DA:16,1
DA:17,1
DA:18,1
DA:20,1
DA:23,0
LF:8
LH:7
BRF:0
BRH:0
end_of_record
TN:
SF:src/features/Auth/LoginScreen/loginSlice.ts
FN:18,(anonymous_0)
FNF:1
FNH:0
FNDA:0,(anonymous_0)
DA:10,1
DA:14,1
DA:19,0
DA:25,1
LF:4
LH:3
BRF:0
BRH:0
end_of_record
TN:
SF:src/features/RootStackNavigator/RootStackNavigator.tsx
FN:12,(anonymous_0)
FNF:1
FNH:1
FNDA:1,(anonymous_0)
DA:10,1
DA:12,1
DA:13,1
LF:3
LH:3
BRF:0
BRH:0
end_of_record
TN:
SF:src/features/SplashScreen/Splash.tsx
FN:15,(anonymous_0)
FN:17,(anonymous_1)
FNF:2
FNH:2
FNDA:1,(anonymous_0)
FNDA:1,(anonymous_1)
DA:15,1
DA:17,1
DA:18,1
DA:21,1
LF:4
LH:4
BRF:0
BRH:0
end_of_record
TN:
SF:src/features/SplashScreen/SplashStyle.ts
FNF:0
FNH:0
LF:0
LH:0
BRF:0
BRH:0
end_of_record
TN:
SF:src/features/SplashScreen/assets.ts
FNF:0
FNH:0
DA:1,1
LF:1
LH:1
BRF:0
BRH:0
end_of_record
TN:
SF:src/features/SplashScreen/assets/appLogo.png
FNF:0
FNH:0
DA:1,1
LF:1
LH:1
BRF:0
BRH:0
end_of_record
TN:
SF:src/redux/sagas/index.ts
FN:8,mySaga
FNF:1
FNH:1
FNDA:1,mySaga
DA:8,1
DA:9,1
LF:2
LH:2
BRF:0
BRH:0
end_of_record
TN:
SF:src/redux/sagas/loginSaga.ts
FN:7,(anonymous_0)
FN:15,fetchUserName
FNF:2
FNH:0
FNDA:0,(anonymous_0)
FNDA:0,fetchUserName
DA:7,1
DA:8,0
DA:9,0
DA:10,0
DA:11,0
DA:12,0
DA:16,0
DA:17,0
DA:18,0
DA:20,0
LF:10
LH:1
BRF:0
BRH:0
end_of_record
TN:
SF:src/redux/store/store.ts
FNF:0
FNH:0
DA:7,1
DA:10,1
DA:16,1
DA:18,1
LF:4
LH:4
BRF:0
BRH:0
end_of_record
TN:
SF:src/theme/ColorConstants.ts
FNF:0
FNH:0
DA:11,1
DA:32,1
LF:2
LH:2
BRF:0
BRH:0
end_of_record
TN:
SF:src/utils/Scale.ts
FN:16,(anonymous_0)
FN:21,(anonymous_1)
FNF:2
FNH:1
FNDA:2,(anonymous_0)
FNDA:0,(anonymous_1)
DA:7,1
DA:8,1
DA:10,1
DA:17,2
DA:21,1
LF:5
LH:5
BRDA:7,0,0,1
BRDA:7,0,1,0
BRDA:7,1,0,0
BRDA:7,1,1,0
BRDA:16,2,0,0
BRF:5
BRH:1
end_of_record
